<?xml version="1.0" encoding="UTF-8"?>
<!-- Generated by org.testng.reporters.JUnitXMLReporter -->
<testsuite hostname="DESKTOP-ESATMPN" ignored="0" tests="0" failures="0" timestamp="08 Aug 2020 10:15:22 GMT" time="0.139" errors="0">
  <testcase name="@AfterTest tearDown" time="0.06" classname="com.flight.protal.base.BaseClass">
    <failure type="java.lang.NullPointerException">
      <![CDATA[java.lang.NullPointerException
at com.flight.protal.base.BaseClass.tearDown(BaseClass.java:86)
... Removed 24 stack frames]]>
    </failure>
  </testcase> <!-- @AfterTest tearDown -->
</testsuite>
