<?xml version="1.0" encoding="UTF-8"?>
<testng-results skipped="0" failed="0" ignored="0" total="0" passed="0">
  <reporter-output>
  </reporter-output>
  <suite name="Default suite" duration-ms="1642" started-at="2020-08-08T10:49:48Z" finished-at="2020-08-08T10:49:50Z">
    <groups>
      <group name="cucumber">
        <method signature="AbstractTestNGCucumberTests.runScenario(io.cucumber.testng.PickleWrapper, io.cucumber.testng.FeatureWrapper)[pri:0, instance:flightprotal.TestRunner.TestRunner$Runner@71423665]" name="runScenario" class="io.cucumber.testng.AbstractTestNGCucumberTests"/>
      </group> <!-- cucumber -->
    </groups>
    <test name="Default test" duration-ms="1642" started-at="2020-08-08T10:49:48Z" finished-at="2020-08-08T10:49:50Z">
      <class name="flightprotal.TestRunner.TestRunner$Runner">
        <test-method status="PASS" signature="setUpClass()[pri:0, instance:flightprotal.TestRunner.TestRunner$Runner@71423665]" name="setUpClass" is-config="true" duration-ms="1470" started-at="2020-08-08T10:49:48Z" finished-at="2020-08-08T10:49:49Z">
          <reporter-output>
          </reporter-output>
        </test-method> <!-- setUpClass -->
        <test-method status="PASS" signature="tearDownClass()[pri:0, instance:flightprotal.TestRunner.TestRunner$Runner@71423665]" name="tearDownClass" is-config="true" duration-ms="38" started-at="2020-08-08T10:49:50Z" finished-at="2020-08-08T10:49:50Z">
          <reporter-output>
          </reporter-output>
        </test-method> <!-- tearDownClass -->
      </class> <!-- flightprotal.TestRunner.TestRunner$Runner -->
    </test> <!-- Default test -->
  </suite> <!-- Default suite -->
</testng-results>
